<?xml version="1.0" encoding="UTF-8"?>
<!-- Generated by org.testng.reporters.JUnitReportReporter -->
<testsuite skipped="0" hostname="DESKTOP-1IU277O" name="testrunners.runner" tests="1" failures="0" timestamp="2020-07-14T15:18:04 IST" time="36.725" errors="0">
  <testcase name="runScenario" time="36.725" classname="testrunners.runner"/>
  <system-out/>
</testsuite> <!-- testrunners.runner -->
