<?xml version="1.0" encoding="UTF-8"?>
<!-- Generated by org.testng.reporters.JUnitReportReporter -->
<testsuite skipped="0" hostname="DESKTOP-1IU277O" name="testRunners.runner" tests="1" failures="0" timestamp="2020-07-17T12:29:34 IST" time="2.139" errors="0">
  <testcase name="runScenario" time="2.139" classname="testRunners.runner"/>
  <system-out/>
</testsuite> <!-- testRunners.runner -->
