<?xml version="1.0" encoding="UTF-8"?>
<!-- Generated by org.testng.reporters.JUnitReportReporter -->
<testsuite skipped="0" hostname="DESKTOP-1IU277O" name="RestAssured.RestAssured.testone" tests="4" failures="1" timestamp="2020-07-07T12:14:25 IST" time="7.279" errors="0">
  <testcase name="Get_Response" time="2.343" classname="RestAssured.RestAssured.testone">
    <failure type="java.lang.AssertionError" message="expected [{&quot;_meta&quot;:{&quot;success&quot;:true,&quot;code&quot;:201,&quot;message&quot;:&quot;A resource was successfully created in response to a POST request. The Location header contains the URL pointing to the newly created resource.&quot;,&quot;rateLimit&quot;:{&quot;limit&quot;:30,&quot;remaining&quot;:27,&quot;reset&quot;:6}},&quot;result&quot;:{&quot;id&quot;:&quot;48068&quot;,&quot;first_name&quot;:&quot;firstnameNQJq&quot;,&quot;last_name&quot;:&quot;lastnameGlhG&quot;,&quot;gender&quot;:&quot;male&quot;,&quot;dob&quot;:null,&quot;email&quot;:&quot;emailsBwC@gmail.com&quot;,&quot;phone&quot;:null,&quot;website&quot;:null,&quot;address&quot;:null,&quot;status&quot;:&quot;active&quot;,&quot;_links&quot;:{&quot;self&quot;:{&quot;href&quot;:&quot;https://gorest.co.in/public-api/users/48068&quot;},&quot;edit&quot;:{&quot;href&quot;:&quot;https://gorest.co.in/public-api/users/48068&quot;},&quot;avatar&quot;:{&quot;href&quot;:null}}}}] but found [{&quot;_meta&quot;:{&quot;success&quot;:true,&quot;code&quot;:200,&quot;message&quot;:&quot;OK. Everything worked as expected.&quot;,&quot;totalCount&quot;:2191,&quot;pageCount&quot;:110,&quot;currentPage&quot;:1,&quot;perPage&quot;:20,&quot;rateLimit&quot;:{&quot;limit&quot;:30,&quot;remaining&quot;:29,&quot;reset&quot;:2}},&quot;result&quot;:[{&quot;id&quot;:&quot;1878&quot;,&quot;first_name&quot;:&quot;Priya&quot;,&quot;last_name&quot;:&quot;k&quot;,&quot;gender&quot;:&quot;female&quot;,&quot;dob&quot;:&quot;1926-03-25&quot;,&quot;email&quot;:&quot;humberto24@example.com&quot;,&quot;phone&quot;:&quot;(861) 252-4539 x59820&quot;,&quot;website&quot;:&quot;http://renner.info/non-voluptatem-qui-excepturi-nobis&quot;,&quot;address&quot;:&quot;65843 Hodkiewicz Center Apt. 673\nNew Carole, GA 22232&quot;,&quot;status&quot;:&quot;inactive&quot;,&quot;_links&quot;:{&quot;self&quot;:{&quot;href&quot;:&quot;https://gorest.co.in/public-api/users/1878&quot;},&quot;edit&quot;:{&quot;href&quot;:&quot;https://gorest.co.in/public-api/users/1878&quot;},&quot;avatar&quot;:{&quot;href&quot;:&quot;https://lorempixel.com/250/250/people/?77620&quot;}}},{&quot;id&quot;:&quot;1879&quot;,&quot;first_name&quot;:&quot;Test Works&quot;,&quot;last_name&quot;:&quot;Test&quot;,&quot;gender&quot;:&quot;female&quot;,&quot;dob&quot;:&quot;1972-11-27&quot;,&quot;email&quot;:&quot;bernardo25@example.com&quot;,&quot;phone&quot;:&quot;+1-678-516-1174&quot;,&quot;website&quot;:&quot;http://johnson.com/placeat-quae-porro-vel-corrupti-sit-temporibus-distinctio.html&quot;,&quot;address&quot;:&quot;27432 Gerry Ford Apt. 785\nLake Franz, WI 78208&quot;,&quot;status&quot;:&quot;inactive&quot;,&quot;_links&quot;:{&quot;self&quot;:{&quot;href&quot;:&quot;https://gorest.co.in/public-api/users/1879&quot;},&quot;edit&quot;:{&quot;href&quot;:&quot;https://gorest.co.in/public-api/users/1879&quot;},&quot;avatar&quot;:{&quot;href&quot;:&quot;https://lorempixel.com/250/250/people/?77463&quot;}}},{&quot;id&quot;:&quot;1880&quot;,&quot;first_name&quot;:&quot;Raina&quot;,&quot;last_name&quot;:&quot;Jkheed&quot;,&quot;gender&quot;:&quot;male&quot;,&quot;dob&quot;:&quot;1925-09-02&quot;,&quot;email&quot;:&quot;bayer.blanca@example.com&quot;,&quot;phone&quot;:&quot;518.916.8511 x083&quot;,&quot;website&quot;:&quot;http://roberts.com/&quot;,&quot;address&quot;:&quot;25940 Gianni Summit\nCummeratashire, TX 35257&quot;,&quot;status&quot;:&quot;active&quot;,&quot;_links&quot;:{&quot;self&quot;:{&quot;href&quot;:&quot;https://gorest.co.in/public-api/users/1880&quot;},&quot;edit&quot;:{&quot;href&quot;:&quot;https://gorest.co.in/public-api/users/1880&quot;},&quot;avatar&quot;:{&quot;href&quot;:&quot;https://lorempixel.com/250/250/people/?88271&quot;}}},{&quot;id&quot;:&quot;1884&quot;,&quot;first_name&quot;:&quot;Leonora&quot;,&quot;last_name&quot;:&quot;Raynor&quot;,&quot;gender&quot;:&quot;female&quot;,&quot;dob&quot;:&quot;2019-12-14&quot;,&quot;email&quot;:&quot;nortiz@example.org&quot;,&quot;phone&quot;:&quot;763-624-3668 x92017&quot;,&quot;website&quot;:&quot;http://mitchell.org/&quot;,&quot;address&quot;:&quot;621 Kris Ports Apt. 249\nMyaton, WA 27782-8747&quot;,&quot;status&quot;:&quot;active&quot;,&quot;_links&quot;:{&quot;self&quot;:{&quot;href&quot;:&quot;https://gorest.co.in/public-api/users/1884&quot;},&quot;edit&quot;:{&quot;href&quot;:&quot;https://gorest.co.in/public-api/users/1884&quot;},&quot;avatar&quot;:{&quot;href&quot;:&quot;https://lorempixel.com/250/250/people/?61050&quot;}}},{&quot;id&quot;:&quot;1885&quot;,&quot;first_name&quot;:&quot;vengatesan6&quot;,&quot;last_name&quot;:&quot;Kilback6&quot;,&quot;gender&quot;:&quot;male&quot;,&quot;dob&quot;:&quot;1960-08-06&quot;,&quot;email&quot;:&quot;hegmann.camryn@yexample.org&quot;,&quot;phone&quot;:&quot;704.434.2567&quot;,&quot;website&quot;:&quot;https://www.fahey.com/quis-labore-aut-ad-sed-nesciunt&quot;,&quot;address&quot;:&quot;87107 Smitham Isle Suite 809\nSouth Sherwoodland, ND 71282-5757&quot;,&quot;status&quot;:&quot;active&quot;,&quot;_links&quot;:{&quot;self&quot;:{&quot;href&quot;:&quot;https://gorest.co.in/public-api/users/1885&quot;},&quot;edit&quot;:{&quot;href&quot;:&quot;https://gorest.co.in/public-api/users/1885&quot;},&quot;avatar&quot;:{&quot;href&quot;:&quot;https://lorempixel.com/250/250/people/?31180&quot;}}},{&quot;id&quot;:&quot;1886&quot;,&quot;first_name&quot;:&quot;Bert&quot;,&quot;last_name&quot;:&quot;Marks&quot;,&quot;gender&quot;:&quot;female&quot;,&quot;dob&quot;:&quot;1926-02-09&quot;,&quot;email&quot;:&quot;carter.jazmyn@example.com&quot;,&quot;phone&quot;:&quot;640-436-1393 x4380&quot;,&quot;website&quot;:&quot;http://grimes.com/ipsam-excepturi-pariatur-non-asperiores-expedita&quot;,&quot;address&quot;:&quot;87165 Bernhard Mission Suite 956\nNew Berylburgh, KS 00201&quot;,&quot;status&quot;:&quot;inactive&quot;,&quot;_links&quot;:{&quot;self&quot;:{&quot;href&quot;:&quot;https://gorest.co.in/public-api/users/1886&quot;},&quot;edit&quot;:{&quot;href&quot;:&quot;https://gorest.co.in/public-api/users/1886&quot;},&quot;avatar&quot;:{&quot;href&quot;:&quot;https://lorempixel.com/250/250/people/?60242&quot;}}},{&quot;id&quot;:&quot;1887&quot;,&quot;first_name&quot;:&quot;Sylvia&quot;,&quot;last_name&quot;:&quot;Kuphal&quot;,&quot;gender&quot;:&quot;female&quot;,&quot;dob&quot;:&quot;1944-11-24&quot;,&quot;email&quot;:&quot;estella.nader@example.net&quot;,&quot;phone&quot;:&quot;1-752-508-6372 x8148&quot;,&quot;website&quot;:&quot;http://zulauf.com/et-saepe-ipsa-aut-et-inventore-qui-est-modi&quot;,&quot;address&quot;:&quot;11500 Greta Lodge\nDouglasfort, GA 13635-3765&quot;,&quot;status&quot;:&quot;inactive&quot;,&quot;_links&quot;:{&quot;self&quot;:{&quot;href&quot;:&quot;https://gorest.co.in/public-api/users/1887&quot;},&quot;edit&quot;:{&quot;href&quot;:&quot;https://gorest.co.in/public-api/users/1887&quot;},&quot;avatar&quot;:{&quot;href&quot;:&quot;https://lorempixel.com/250/250/people/?38835&quot;}}},{&quot;id&quot;:&quot;1888&quot;,&quot;first_name&quot;:&quot;Kiana&quot;,&quot;last_name&quot;:&quot;Wuckert&quot;,&quot;gender&quot;:&quot;female&quot;,&quot;dob&quot;:&quot;1929-01-04&quot;,&quot;email&quot;:&quot;tgreenfelder@example.com&quot;,&quot;phone&quot;:&quot;1-704-488-0856&quot;,&quot;website&quot;:&quot;http://www.romaguera.org/&quot;,&quot;address&quot;:&quot;971 Champlin Loaf Apt. 190\nWest Kelleystad, NC 78413-9276&quot;,&quot;status&quot;:&quot;active&quot;,&quot;_links&quot;:{&quot;self&quot;:{&quot;href&quot;:&quot;https://gorest.co.in/public-api/users/1888&quot;},&quot;edit&quot;:{&quot;href&quot;:&quot;https://gorest.co.in/public-api/users/1888&quot;},&quot;avatar&quot;:{&quot;href&quot;:&quot;https://lorempixel.com/250/250/people/?80472&quot;}}},{&quot;id&quot;:&quot;1889&quot;,&quot;first_name&quot;:&quot;Jennings&quot;,&quot;last_name&quot;:&quot;Torphy&quot;,&quot;gender&quot;:&quot;male&quot;,&quot;dob&quot;:&quot;1982-06-04&quot;,&quot;email&quot;:&quot;thomas.mccullough@example.com&quot;,&quot;phone&quot;:&quot;+12832156835&quot;,&quot;website&quot;:&quot;http://www.crist.com/&quot;,&quot;address&quot;:&quot;60178 Darlene Spur\nPort Casandraborough, SC 99647-0960&quot;,&quot;status&quot;:&quot;inactive&quot;,&quot;_links&quot;:{&quot;self&quot;:{&quot;href&quot;:&quot;https://gorest.co.in/public-api/users/1889&quot;},&quot;edit&quot;:{&quot;href&quot;:&quot;https://gorest.co.in/public-api/users/1889&quot;},&quot;avatar&quot;:{&quot;href&quot;:&quot;https://lorempixel.com/250/250/people/?14823&quot;}}},{&quot;id&quot;:&quot;1890&quot;,&quot;first_name&quot;:&quot;Jaeden&quot;,&quot;last_name&quot;:&quot;Crona&quot;,&quot;gender&quot;:&quot;male&quot;,&quot;dob&quot;:&quot;1960-03-28&quot;,&quot;email&quot;:&quot;zreinger@example.com&quot;,&quot;phone&quot;:&quot;+1-864-483-2621&quot;,&quot;website&quot;:&quot;http://reichert.info/doloribus-aut-voluptate-dolore-itaque&quot;,&quot;address&quot;:&quot;494 Henry Hills\nWest Eliseland, LA 29905&quot;,&quot;status&quot;:&quot;inactive&quot;,&quot;_links&quot;:{&quot;self&quot;:{&quot;href&quot;:&quot;https://gorest.co.in/public-api/users/1890&quot;},&quot;edit&quot;:{&quot;href&quot;:&quot;https://gorest.co.in/public-api/users/1890&quot;},&quot;avatar&quot;:{&quot;href&quot;:&quot;https://lorempixel.com/250/250/people/?17923&quot;}}},{&quot;id&quot;:&quot;1891&quot;,&quot;first_name&quot;:&quot;Elza&quot;,&quot;last_name&quot;:&quot;Hansen&quot;,&quot;gender&quot;:&quot;female&quot;,&quot;dob&quot;:&quot;2006-08-18&quot;,&quot;email&quot;:&quot;buckridge.jany@example.org&quot;,&quot;phone&quot;:&quot;1-824-602-0389&quot;,&quot;website&quot;:&quot;https://www.altenwerth.org/cupiditate-aut-corporis-ipsa&quot;,&quot;address&quot;:&quot;55813 Shields Lights\nNew Samanta, AZ 80192&quot;,&quot;status&quot;:&quot;inactive&quot;,&quot;_links&quot;:{&quot;self&quot;:{&quot;href&quot;:&quot;https://gorest.co.in/public-api/users/1891&quot;},&quot;edit&quot;:{&quot;href&quot;:&quot;https://gorest.co.in/public-api/users/1891&quot;},&quot;avatar&quot;:{&quot;href&quot;:&quot;https://lorempixel.com/250/250/people/?62008&quot;}}},{&quot;id&quot;:&quot;1892&quot;,&quot;first_name&quot;:&quot;Willis&quot;,&quot;last_name&quot;:&quot;Gerlach&quot;,&quot;gender&quot;:&quot;male&quot;,&quot;dob&quot;:&quot;1970-04-14&quot;,&quot;email&quot;:&quot;elinore58@example.org&quot;,&quot;phone&quot;:&quot;+18184101491&quot;,&quot;website&quot;:&quot;http://www.white.com/esse-sed-porro-laborum-voluptatum-voluptatibus&quot;,&quot;address&quot;:&quot;641 Runolfsdottir Burgs Suite 154\nWest Cheyannestad, NM 29387&quot;,&quot;status&quot;:&quot;active&quot;,&quot;_links&quot;:{&quot;self&quot;:{&quot;href&quot;:&quot;https://gorest.co.in/public-api/users/1892&quot;},&quot;edit&quot;:{&quot;href&quot;:&quot;https://gorest.co.in/public-api/users/1892&quot;},&quot;avatar&quot;:{&quot;href&quot;:&quot;https://lorempixel.com/250/250/people/?88853&quot;}}},{&quot;id&quot;:&quot;1893&quot;,&quot;first_name&quot;:&quot;Hailey&quot;,&quot;last_name&quot;:&quot;White&quot;,&quot;gender&quot;:&quot;male&quot;,&quot;dob&quot;:&quot;1985-01-07&quot;,&quot;email&quot;:&quot;elnora.reichert@example.net&quot;,&quot;phone&quot;:&quot;618.932.1461 x5403&quot;,&quot;website&quot;:&quot;http://brakus.info/&quot;,&quot;address&quot;:&quot;4460 Kohler Grove Apt. 202\nJaniceside, WY 68703&quot;,&quot;status&quot;:&quot;active&quot;,&quot;_links&quot;:{&quot;self&quot;:{&quot;href&quot;:&quot;https://gorest.co.in/public-api/users/1893&quot;},&quot;edit&quot;:{&quot;href&quot;:&quot;https://gorest.co.in/public-api/users/1893&quot;},&quot;avatar&quot;:{&quot;href&quot;:&quot;https://lorempixel.com/250/250/people/?12696&quot;}}},{&quot;id&quot;:&quot;1895&quot;,&quot;first_name&quot;:&quot;Lavern&quot;,&quot;last_name&quot;:&quot;Volkman&quot;,&quot;gender&quot;:&quot;male&quot;,&quot;dob&quot;:&quot;2015-08-29&quot;,&quot;email&quot;:&quot;vern.hahn@example.com&quot;,&quot;phone&quot;:&quot;(259) 552-1752&quot;,&quot;website&quot;:&quot;http://www.heidenreich.com/mollitia-exercitationem-numquam-repellendus&quot;,&quot;address&quot;:&quot;55480 Makenna Rapid Suite 967\nNew Burley, WA 32994&quot;,&quot;status&quot;:&quot;inactive&quot;,&quot;_links&quot;:{&quot;self&quot;:{&quot;href&quot;:&quot;https://gorest.co.in/public-api/users/1895&quot;},&quot;edit&quot;:{&quot;href&quot;:&quot;https://gorest.co.in/public-api/users/1895&quot;},&quot;avatar&quot;:{&quot;href&quot;:&quot;https://lorempixel.com/250/250/people/?37130&quot;}}},{&quot;id&quot;:&quot;1896&quot;,&quot;first_name&quot;:&quot;Georgianna&quot;,&quot;last_name&quot;:&quot;Luettgen&quot;,&quot;gender&quot;:&quot;female&quot;,&quot;dob&quot;:&quot;2016-09-09&quot;,&quot;email&quot;:&quot;gabriella13@example.org&quot;,&quot;phone&quot;:&quot;730.574.3586&quot;,&quot;website&quot;:&quot;http://daniel.net/hic-natus-et-dolores-officiis-voluptas-qui-optio-voluptatibus&quot;,&quot;address&quot;:&quot;7066 Melvina Fork\nLoraineberg, CA 82614-2392&quot;,&quot;status&quot;:&quot;inactive&quot;,&quot;_links&quot;:{&quot;self&quot;:{&quot;href&quot;:&quot;https://gorest.co.in/public-api/users/1896&quot;},&quot;edit&quot;:{&quot;href&quot;:&quot;https://gorest.co.in/public-api/users/1896&quot;},&quot;avatar&quot;:{&quot;href&quot;:&quot;https://lorempixel.com/250/250/people/?80895&quot;}}},{&quot;id&quot;:&quot;1899&quot;,&quot;first_name&quot;:&quot;Enoch&quot;,&quot;last_name&quot;:&quot;Nolan&quot;,&quot;gender&quot;:&quot;male&quot;,&quot;dob&quot;:&quot;1934-10-28&quot;,&quot;email&quot;:&quot;hmedhurst@example.net&quot;,&quot;phone&quot;:&quot;+1 (860) 709-6746&quot;,&quot;website&quot;:&quot;http://www.farrell.com/ullam-officia-tempora-velit-praesentium-culpa-nemo.html&quot;,&quot;address&quot;:&quot;30069 Jovanny Ranch\nSouth Lianastad, HI 16050&quot;,&quot;status&quot;:&quot;inactive&quot;,&quot;_links&quot;:{&quot;self&quot;:{&quot;href&quot;:&quot;https://gorest.co.in/public-api/users/1899&quot;},&quot;edit&quot;:{&quot;href&quot;:&quot;https://gorest.co.in/public-api/users/1899&quot;},&quot;avatar&quot;:{&quot;href&quot;:&quot;https://lorempixel.com/250/250/people/?49039&quot;}}},{&quot;id&quot;:&quot;1906&quot;,&quot;first_name&quot;:&quot;Jo&quot;,&quot;last_name&quot;:&quot;Lesch&quot;,&quot;gender&quot;:&quot;male&quot;,&quot;dob&quot;:&quot;1964-08-09&quot;,&quot;email&quot;:&quot;lexus33@example.net&quot;,&quot;phone&quot;:&quot;991.312.8882&quot;,&quot;website&quot;:&quot;http://www.bode.biz/qui-autem-quasi-maxime-ut-doloribus&quot;,&quot;address&quot;:&quot;8115 Jarred Common Suite 606\nNorth Roselyn, MS 30362-0702&quot;,&quot;status&quot;:&quot;inactive&quot;,&quot;_links&quot;:{&quot;self&quot;:{&quot;href&quot;:&quot;https://gorest.co.in/public-api/users/1906&quot;},&quot;edit&quot;:{&quot;href&quot;:&quot;https://gorest.co.in/public-api/users/1906&quot;},&quot;avatar&quot;:{&quot;href&quot;:&quot;https://lorempixel.com/250/250/people/?64098&quot;}}},{&quot;id&quot;:&quot;1907&quot;,&quot;first_name&quot;:&quot;Romaine&quot;,&quot;last_name&quot;:&quot;Orn&quot;,&quot;gender&quot;:&quot;female&quot;,&quot;dob&quot;:&quot;1949-04-23&quot;,&quot;email&quot;:&quot;brown.sibyl@example.com&quot;,&quot;phone&quot;:&quot;(303) 347-4550 x42495&quot;,&quot;website&quot;:&quot;http://www.upton.com/&quot;,&quot;address&quot;:&quot;32390 Araceli Path Suite 596\nNorth Kamille, VA 64616-5854&quot;,&quot;status&quot;:&quot;active&quot;,&quot;_links&quot;:{&quot;self&quot;:{&quot;href&quot;:&quot;https://gorest.co.in/public-api/users/1907&quot;},&quot;edit&quot;:{&quot;href&quot;:&quot;https://gorest.co.in/public-api/users/1907&quot;},&quot;avatar&quot;:{&quot;href&quot;:&quot;https://lorempixel.com/250/250/people/?88870&quot;}}},{&quot;id&quot;:&quot;1909&quot;,&quot;first_name&quot;:&quot;Madison&quot;,&quot;last_name&quot;:&quot;Kuhlman&quot;,&quot;gender&quot;:&quot;male&quot;,&quot;dob&quot;:&quot;1978-08-23&quot;,&quot;email&quot;:&quot;alvina.mccullough@example.net&quot;,&quot;phone&quot;:&quot;+1.928.471.7116&quot;,&quot;website&quot;:&quot;https://klein.com/velit-enim-tenetur-veniam-nulla-voluptate-rerum-accusantium.html&quot;,&quot;address&quot;:&quot;37785 Mante Glen Suite 169\nDoyleview, MA 86292&quot;,&quot;status&quot;:&quot;inactive&quot;,&quot;_links&quot;:{&quot;self&quot;:{&quot;href&quot;:&quot;https://gorest.co.in/public-api/users/1909&quot;},&quot;edit&quot;:{&quot;href&quot;:&quot;https://gorest.co.in/public-api/users/1909&quot;},&quot;avatar&quot;:{&quot;href&quot;:&quot;https://lorempixel.com/250/250/people/?37961&quot;}}},{&quot;id&quot;:&quot;1910&quot;,&quot;first_name&quot;:&quot;Holly&quot;,&quot;last_name&quot;:&quot;Toy&quot;,&quot;gender&quot;:&quot;female&quot;,&quot;dob&quot;:&quot;2017-01-28&quot;,&quot;email&quot;:&quot;ollie77@example.com&quot;,&quot;phone&quot;:&quot;1-819-974-6118 x7181&quot;,&quot;website&quot;:&quot;http://mayert.com/accusantium-praesentium-fugit-perspiciatis-odit-nobis-ut-in-dolor&quot;,&quot;address&quot;:&quot;1887 Jakayla Expressway Apt. 069\nRickeyton, OH 56655-4280&quot;,&quot;status&quot;:&quot;active&quot;,&quot;_links&quot;:{&quot;self&quot;:{&quot;href&quot;:&quot;https://gorest.co.in/public-api/users/1910&quot;},&quot;edit&quot;:{&quot;href&quot;:&quot;https://gorest.co.in/public-api/users/1910&quot;},&quot;avatar&quot;:{&quot;href&quot;:&quot;https://lorempixel.com/250/250/people/?73523&quot;}}}]}]">
      <![CDATA[java.lang.AssertionError: expected [{"_meta":{"success":true,"code":201,"message":"A resource was successfully created in response to a POST request. The Location header contains the URL pointing to the newly created resource.","rateLimit":{"limit":30,"remaining":27,"reset":6}},"result":{"id":"48068","first_name":"firstnameNQJq","last_name":"lastnameGlhG","gender":"male","dob":null,"email":"emailsBwC@gmail.com","phone":null,"website":null,"address":null,"status":"active","_links":{"self":{"href":"https://gorest.co.in/public-api/users/48068"},"edit":{"href":"https://gorest.co.in/public-api/users/48068"},"avatar":{"href":null}}}}] but found [{"_meta":{"success":true,"code":200,"message":"OK. Everything worked as expected.","totalCount":2191,"pageCount":110,"currentPage":1,"perPage":20,"rateLimit":{"limit":30,"remaining":29,"reset":2}},"result":[{"id":"1878","first_name":"Priya","last_name":"k","gender":"female","dob":"1926-03-25","email":"humberto24@example.com","phone":"(861) 252-4539 x59820","website":"http://renner.info/non-voluptatem-qui-excepturi-nobis","address":"65843 Hodkiewicz Center Apt. 673\nNew Carole, GA 22232","status":"inactive","_links":{"self":{"href":"https://gorest.co.in/public-api/users/1878"},"edit":{"href":"https://gorest.co.in/public-api/users/1878"},"avatar":{"href":"https://lorempixel.com/250/250/people/?77620"}}},{"id":"1879","first_name":"Test Works","last_name":"Test","gender":"female","dob":"1972-11-27","email":"bernardo25@example.com","phone":"+1-678-516-1174","website":"http://johnson.com/placeat-quae-porro-vel-corrupti-sit-temporibus-distinctio.html","address":"27432 Gerry Ford Apt. 785\nLake Franz, WI 78208","status":"inactive","_links":{"self":{"href":"https://gorest.co.in/public-api/users/1879"},"edit":{"href":"https://gorest.co.in/public-api/users/1879"},"avatar":{"href":"https://lorempixel.com/250/250/people/?77463"}}},{"id":"1880","first_name":"Raina","last_name":"Jkheed","gender":"male","dob":"1925-09-02","email":"bayer.blanca@example.com","phone":"518.916.8511 x083","website":"http://roberts.com/","address":"25940 Gianni Summit\nCummeratashire, TX 35257","status":"active","_links":{"self":{"href":"https://gorest.co.in/public-api/users/1880"},"edit":{"href":"https://gorest.co.in/public-api/users/1880"},"avatar":{"href":"https://lorempixel.com/250/250/people/?88271"}}},{"id":"1884","first_name":"Leonora","last_name":"Raynor","gender":"female","dob":"2019-12-14","email":"nortiz@example.org","phone":"763-624-3668 x92017","website":"http://mitchell.org/","address":"621 Kris Ports Apt. 249\nMyaton, WA 27782-8747","status":"active","_links":{"self":{"href":"https://gorest.co.in/public-api/users/1884"},"edit":{"href":"https://gorest.co.in/public-api/users/1884"},"avatar":{"href":"https://lorempixel.com/250/250/people/?61050"}}},{"id":"1885","first_name":"vengatesan6","last_name":"Kilback6","gender":"male","dob":"1960-08-06","email":"hegmann.camryn@yexample.org","phone":"704.434.2567","website":"https://www.fahey.com/quis-labore-aut-ad-sed-nesciunt","address":"87107 Smitham Isle Suite 809\nSouth Sherwoodland, ND 71282-5757","status":"active","_links":{"self":{"href":"https://gorest.co.in/public-api/users/1885"},"edit":{"href":"https://gorest.co.in/public-api/users/1885"},"avatar":{"href":"https://lorempixel.com/250/250/people/?31180"}}},{"id":"1886","first_name":"Bert","last_name":"Marks","gender":"female","dob":"1926-02-09","email":"carter.jazmyn@example.com","phone":"640-436-1393 x4380","website":"http://grimes.com/ipsam-excepturi-pariatur-non-asperiores-expedita","address":"87165 Bernhard Mission Suite 956\nNew Berylburgh, KS 00201","status":"inactive","_links":{"self":{"href":"https://gorest.co.in/public-api/users/1886"},"edit":{"href":"https://gorest.co.in/public-api/users/1886"},"avatar":{"href":"https://lorempixel.com/250/250/people/?60242"}}},{"id":"1887","first_name":"Sylvia","last_name":"Kuphal","gender":"female","dob":"1944-11-24","email":"estella.nader@example.net","phone":"1-752-508-6372 x8148","website":"http://zulauf.com/et-saepe-ipsa-aut-et-inventore-qui-est-modi","address":"11500 Greta Lodge\nDouglasfort, GA 13635-3765","status":"inactive","_links":{"self":{"href":"https://gorest.co.in/public-api/users/1887"},"edit":{"href":"https://gorest.co.in/public-api/users/1887"},"avatar":{"href":"https://lorempixel.com/250/250/people/?38835"}}},{"id":"1888","first_name":"Kiana","last_name":"Wuckert","gender":"female","dob":"1929-01-04","email":"tgreenfelder@example.com","phone":"1-704-488-0856","website":"http://www.romaguera.org/","address":"971 Champlin Loaf Apt. 190\nWest Kelleystad, NC 78413-9276","status":"active","_links":{"self":{"href":"https://gorest.co.in/public-api/users/1888"},"edit":{"href":"https://gorest.co.in/public-api/users/1888"},"avatar":{"href":"https://lorempixel.com/250/250/people/?80472"}}},{"id":"1889","first_name":"Jennings","last_name":"Torphy","gender":"male","dob":"1982-06-04","email":"thomas.mccullough@example.com","phone":"+12832156835","website":"http://www.crist.com/","address":"60178 Darlene Spur\nPort Casandraborough, SC 99647-0960","status":"inactive","_links":{"self":{"href":"https://gorest.co.in/public-api/users/1889"},"edit":{"href":"https://gorest.co.in/public-api/users/1889"},"avatar":{"href":"https://lorempixel.com/250/250/people/?14823"}}},{"id":"1890","first_name":"Jaeden","last_name":"Crona","gender":"male","dob":"1960-03-28","email":"zreinger@example.com","phone":"+1-864-483-2621","website":"http://reichert.info/doloribus-aut-voluptate-dolore-itaque","address":"494 Henry Hills\nWest Eliseland, LA 29905","status":"inactive","_links":{"self":{"href":"https://gorest.co.in/public-api/users/1890"},"edit":{"href":"https://gorest.co.in/public-api/users/1890"},"avatar":{"href":"https://lorempixel.com/250/250/people/?17923"}}},{"id":"1891","first_name":"Elza","last_name":"Hansen","gender":"female","dob":"2006-08-18","email":"buckridge.jany@example.org","phone":"1-824-602-0389","website":"https://www.altenwerth.org/cupiditate-aut-corporis-ipsa","address":"55813 Shields Lights\nNew Samanta, AZ 80192","status":"inactive","_links":{"self":{"href":"https://gorest.co.in/public-api/users/1891"},"edit":{"href":"https://gorest.co.in/public-api/users/1891"},"avatar":{"href":"https://lorempixel.com/250/250/people/?62008"}}},{"id":"1892","first_name":"Willis","last_name":"Gerlach","gender":"male","dob":"1970-04-14","email":"elinore58@example.org","phone":"+18184101491","website":"http://www.white.com/esse-sed-porro-laborum-voluptatum-voluptatibus","address":"641 Runolfsdottir Burgs Suite 154\nWest Cheyannestad, NM 29387","status":"active","_links":{"self":{"href":"https://gorest.co.in/public-api/users/1892"},"edit":{"href":"https://gorest.co.in/public-api/users/1892"},"avatar":{"href":"https://lorempixel.com/250/250/people/?88853"}}},{"id":"1893","first_name":"Hailey","last_name":"White","gender":"male","dob":"1985-01-07","email":"elnora.reichert@example.net","phone":"618.932.1461 x5403","website":"http://brakus.info/","address":"4460 Kohler Grove Apt. 202\nJaniceside, WY 68703","status":"active","_links":{"self":{"href":"https://gorest.co.in/public-api/users/1893"},"edit":{"href":"https://gorest.co.in/public-api/users/1893"},"avatar":{"href":"https://lorempixel.com/250/250/people/?12696"}}},{"id":"1895","first_name":"Lavern","last_name":"Volkman","gender":"male","dob":"2015-08-29","email":"vern.hahn@example.com","phone":"(259) 552-1752","website":"http://www.heidenreich.com/mollitia-exercitationem-numquam-repellendus","address":"55480 Makenna Rapid Suite 967\nNew Burley, WA 32994","status":"inactive","_links":{"self":{"href":"https://gorest.co.in/public-api/users/1895"},"edit":{"href":"https://gorest.co.in/public-api/users/1895"},"avatar":{"href":"https://lorempixel.com/250/250/people/?37130"}}},{"id":"1896","first_name":"Georgianna","last_name":"Luettgen","gender":"female","dob":"2016-09-09","email":"gabriella13@example.org","phone":"730.574.3586","website":"http://daniel.net/hic-natus-et-dolores-officiis-voluptas-qui-optio-voluptatibus","address":"7066 Melvina Fork\nLoraineberg, CA 82614-2392","status":"inactive","_links":{"self":{"href":"https://gorest.co.in/public-api/users/1896"},"edit":{"href":"https://gorest.co.in/public-api/users/1896"},"avatar":{"href":"https://lorempixel.com/250/250/people/?80895"}}},{"id":"1899","first_name":"Enoch","last_name":"Nolan","gender":"male","dob":"1934-10-28","email":"hmedhurst@example.net","phone":"+1 (860) 709-6746","website":"http://www.farrell.com/ullam-officia-tempora-velit-praesentium-culpa-nemo.html","address":"30069 Jovanny Ranch\nSouth Lianastad, HI 16050","status":"inactive","_links":{"self":{"href":"https://gorest.co.in/public-api/users/1899"},"edit":{"href":"https://gorest.co.in/public-api/users/1899"},"avatar":{"href":"https://lorempixel.com/250/250/people/?49039"}}},{"id":"1906","first_name":"Jo","last_name":"Lesch","gender":"male","dob":"1964-08-09","email":"lexus33@example.net","phone":"991.312.8882","website":"http://www.bode.biz/qui-autem-quasi-maxime-ut-doloribus","address":"8115 Jarred Common Suite 606\nNorth Roselyn, MS 30362-0702","status":"inactive","_links":{"self":{"href":"https://gorest.co.in/public-api/users/1906"},"edit":{"href":"https://gorest.co.in/public-api/users/1906"},"avatar":{"href":"https://lorempixel.com/250/250/people/?64098"}}},{"id":"1907","first_name":"Romaine","last_name":"Orn","gender":"female","dob":"1949-04-23","email":"brown.sibyl@example.com","phone":"(303) 347-4550 x42495","website":"http://www.upton.com/","address":"32390 Araceli Path Suite 596\nNorth Kamille, VA 64616-5854","status":"active","_links":{"self":{"href":"https://gorest.co.in/public-api/users/1907"},"edit":{"href":"https://gorest.co.in/public-api/users/1907"},"avatar":{"href":"https://lorempixel.com/250/250/people/?88870"}}},{"id":"1909","first_name":"Madison","last_name":"Kuhlman","gender":"male","dob":"1978-08-23","email":"alvina.mccullough@example.net","phone":"+1.928.471.7116","website":"https://klein.com/velit-enim-tenetur-veniam-nulla-voluptate-rerum-accusantium.html","address":"37785 Mante Glen Suite 169\nDoyleview, MA 86292","status":"inactive","_links":{"self":{"href":"https://gorest.co.in/public-api/users/1909"},"edit":{"href":"https://gorest.co.in/public-api/users/1909"},"avatar":{"href":"https://lorempixel.com/250/250/people/?37961"}}},{"id":"1910","first_name":"Holly","last_name":"Toy","gender":"female","dob":"2017-01-28","email":"ollie77@example.com","phone":"1-819-974-6118 x7181","website":"http://mayert.com/accusantium-praesentium-fugit-perspiciatis-odit-nobis-ut-in-dolor","address":"1887 Jakayla Expressway Apt. 069\nRickeyton, OH 56655-4280","status":"active","_links":{"self":{"href":"https://gorest.co.in/public-api/users/1910"},"edit":{"href":"https://gorest.co.in/public-api/users/1910"},"avatar":{"href":"https://lorempixel.com/250/250/people/?73523"}}}]}]
at org.testng.Assert.fail(Assert.java:97)
at org.testng.Assert.assertEqualsImpl(Assert.java:136)
at org.testng.Assert.assertEquals(Assert.java:118)
at org.testng.Assert.assertEquals(Assert.java:575)
at org.testng.Assert.assertEquals(Assert.java:585)
at RestAssured.RestAssured.testone.Get_Response(testone.java:58)
at sun.reflect.NativeMethodAccessorImpl.invoke0(Native Method)
at sun.reflect.NativeMethodAccessorImpl.invoke(NativeMethodAccessorImpl.java:62)
at sun.reflect.DelegatingMethodAccessorImpl.invoke(DelegatingMethodAccessorImpl.java:43)
at java.lang.reflect.Method.invoke(Method.java:498)
at org.testng.internal.MethodInvocationHelper.invokeMethod(MethodInvocationHelper.java:135)
at org.testng.internal.TestInvoker.invokeMethod(TestInvoker.java:598)
at org.testng.internal.TestInvoker.invokeTestMethod(TestInvoker.java:174)
at org.testng.internal.MethodRunner.runInSequence(MethodRunner.java:46)
at org.testng.internal.TestInvoker$MethodInvocationAgent.invoke(TestInvoker.java:821)
at org.testng.internal.TestInvoker.invokeTestMethods(TestInvoker.java:147)
at org.testng.internal.TestMethodWorker.invokeTestMethods(TestMethodWorker.java:146)
at org.testng.internal.TestMethodWorker.run(TestMethodWorker.java:128)
at java.util.ArrayList.forEach(ArrayList.java:1257)
at org.testng.TestRunner.privateRun(TestRunner.java:767)
at org.testng.TestRunner.run(TestRunner.java:588)
at org.testng.SuiteRunner.runTest(SuiteRunner.java:384)
at org.testng.SuiteRunner.runSequentially(SuiteRunner.java:378)
at org.testng.SuiteRunner.privateRun(SuiteRunner.java:337)
at org.testng.SuiteRunner.run(SuiteRunner.java:286)
at org.testng.SuiteRunnerWorker.runSuite(SuiteRunnerWorker.java:53)
at org.testng.SuiteRunnerWorker.run(SuiteRunnerWorker.java:96)
at org.testng.TestNG.runSuitesSequentially(TestNG.java:1214)
at org.testng.TestNG.runSuitesLocally(TestNG.java:1136)
at org.testng.TestNG.runSuites(TestNG.java:1066)
at org.testng.TestNG.run(TestNG.java:1034)
at org.testng.remote.AbstractRemoteTestNG.run(AbstractRemoteTestNG.java:115)
at org.testng.remote.RemoteTestNG.initAndRun(RemoteTestNG.java:251)
at org.testng.remote.RemoteTestNG.main(RemoteTestNG.java:77)
]]>
    </failure>
  </testcase> <!-- Get_Response -->
  <system-out/>
  <testcase name="Post_newuser_Pojo" time="0.804" classname="RestAssured.RestAssured.testone"/>
  <system-out/>
  <testcase name="post_newuser_hashmap" time="0.542" classname="RestAssured.RestAssured.testone"/>
  <system-out/>
  <testcase name="delete_record" time="3.590" classname="RestAssured.RestAssured.testone"/>
  <system-out/>
</testsuite> <!-- RestAssured.RestAssured.testone -->
